2022-08-08 12:56:27.887  INFO 10548 --- [main] com.example.SpringBootWebApplication     : Starting SpringBootWebApplication using Java 1.8.0_341 on LAPTOP-0JMA6M60 with PID 10548 (D:\Program\Java\IdeaProject\SpringBootWeb\target\classes started by lu156 in D:\Program\Java\IdeaProject\SpringBootWeb)
2022-08-08 12:56:27.889  INFO 10548 --- [main] com.example.SpringBootWebApplication     : The following 1 profile is active: "prod"
2022-08-08 12:56:28.671  INFO 10548 --- [main] o.s.b.w.embedded.tomcat.TomcatWebServer  : Tomcat initialized with port(s): 80 (http)
2022-08-08 12:56:28.671  INFO 10548 --- [main] o.a.catalina.core.AprLifecycleListener   : Loaded Apache Tomcat Native library [1.2.35] using APR version [1.7.0].
2022-08-08 12:56:28.672  INFO 10548 --- [main] o.a.catalina.core.AprLifecycleListener   : APR capabilities: IPv6 [true], sendfile [true], accept filters [false], random [true], UDS [true].
2022-08-08 12:56:28.672  INFO 10548 --- [main] o.a.catalina.core.AprLifecycleListener   : APR/OpenSSL configuration: useAprConnector [false], useOpenSSL [true]
2022-08-08 12:56:28.678  INFO 10548 --- [main] o.a.catalina.core.AprLifecycleListener   : OpenSSL successfully initialized [OpenSSL 1.1.1q  5 Jul 2022]
2022-08-08 12:56:28.684  INFO 10548 --- [main] o.apache.catalina.core.StandardService   : Starting service [Tomcat]
2022-08-08 12:56:28.684  INFO 10548 --- [main] org.apache.catalina.core.StandardEngine  : Starting Servlet engine: [Apache Tomcat/9.0.65]
2022-08-08 12:56:28.798  INFO 10548 --- [main] o.a.c.c.C.[Tomcat].[localhost].[/]       : Initializing Spring embedded WebApplicationContext
2022-08-08 12:56:28.799  INFO 10548 --- [main] w.s.c.ServletWebServerApplicationContext : Root WebApplicationContext: initialization completed in 879 ms
2022-08-08 12:56:29.069  INFO 10548 --- [main] o.s.b.a.w.s.WelcomePageHandlerMapping    : Adding welcome page template: index
2022-08-08 12:56:29.426  INFO 10548 --- [main] o.s.s.web.DefaultSecurityFilterChain     : Will secure any request with [org.springframework.security.web.session.DisableEncodeUrlFilter@76ad6715, org.springframework.security.web.context.request.async.WebAsyncManagerIntegrationFilter@56637cff, org.springframework.security.web.context.SecurityContextPersistenceFilter@7724704f, org.springframework.security.web.header.HeaderWriterFilter@bc042d5, org.springframework.security.web.csrf.CsrfFilter@4a163575, org.springframework.security.web.authentication.logout.LogoutFilter@762637be, org.springframework.security.web.authentication.UsernamePasswordAuthenticationFilter@53cf9c99, org.springframework.security.web.savedrequest.RequestCacheAwareFilter@4ce94d2f, org.springframework.security.web.servletapi.SecurityContextHolderAwareRequestFilter@517a2b0, org.springframework.security.web.authentication.rememberme.RememberMeAuthenticationFilter@934b52f, org.springframework.security.web.authentication.AnonymousAuthenticationFilter@2938127d, org.springframework.security.web.session.SessionManagementFilter@37df14d1, org.springframework.security.web.access.ExceptionTranslationFilter@6b1dc20f, org.springframework.security.web.access.intercept.FilterSecurityInterceptor@a5272be]
2022-08-08 12:56:29.467  INFO 10548 --- [main] o.s.b.w.embedded.tomcat.TomcatWebServer  : Tomcat started on port(s): 80 (http) with context path ''
2022-08-08 12:56:29.474  INFO 10548 --- [main] com.example.SpringBootWebApplication     : Started SpringBootWebApplication in 2.011 seconds (JVM running for 2.705)
2022-08-08 12:56:30.091  INFO 10548 --- [http-nio-80-exec-2] o.a.c.c.C.[Tomcat].[localhost].[/]       : Initializing Spring DispatcherServlet 'dispatcherServlet'
2022-08-08 12:56:30.091  INFO 10548 --- [http-nio-80-exec-2] o.s.web.servlet.DispatcherServlet        : Initializing Servlet 'dispatcherServlet'
2022-08-08 12:56:30.091  INFO 10548 --- [http-nio-80-exec-2] o.s.web.servlet.DispatcherServlet        : Completed initialization in 0 ms
2022-08-08 12:56:30.106  INFO 10548 --- [http-nio-80-exec-2] com.zaxxer.hikari.HikariDataSource       : HikariPool-1 - Starting...
2022-08-08 12:56:30.542  INFO 10548 --- [http-nio-80-exec-2] com.zaxxer.hikari.HikariDataSource       : HikariPool-1 - Start completed.
2022-08-08 12:56:31.081  WARN 10548 --- [http-nio-80-exec-1] o.s.web.servlet.PageNotFound             : No mapping for GET /favicon.ico
2022-08-08 12:57:10.260  INFO 10548 --- [SpringApplicationShutdownHook] com.zaxxer.hikari.HikariDataSource       : HikariPool-1 - Shutdown initiated...
2022-08-08 12:57:10.264  INFO 10548 --- [SpringApplicationShutdownHook] com.zaxxer.hikari.HikariDataSource       : HikariPool-1 - Shutdown completed.
2022-08-08 12:57:13.597  INFO 5664 --- [main] com.example.SpringBootWebApplication     : Starting SpringBootWebApplication using Java 1.8.0_341 on LAPTOP-0JMA6M60 with PID 5664 (D:\Program\Java\IdeaProject\SpringBootWeb\target\classes started by lu156 in D:\Program\Java\IdeaProject\SpringBootWeb)
2022-08-08 12:57:13.599  INFO 5664 --- [main] com.example.SpringBootWebApplication     : The following 1 profile is active: "dev"
2022-08-08 12:57:14.278  INFO 5664 --- [main] o.s.b.w.embedded.tomcat.TomcatWebServer  : Tomcat initialized with port(s): 8080 (http)
2022-08-08 12:57:14.279  INFO 5664 --- [main] o.a.catalina.core.AprLifecycleListener   : Loaded Apache Tomcat Native library [1.2.35] using APR version [1.7.0].
2022-08-08 12:57:14.279  INFO 5664 --- [main] o.a.catalina.core.AprLifecycleListener   : APR capabilities: IPv6 [true], sendfile [true], accept filters [false], random [true], UDS [true].
2022-08-08 12:57:14.279  INFO 5664 --- [main] o.a.catalina.core.AprLifecycleListener   : APR/OpenSSL configuration: useAprConnector [false], useOpenSSL [true]
2022-08-08 12:57:14.282  INFO 5664 --- [main] o.a.catalina.core.AprLifecycleListener   : OpenSSL successfully initialized [OpenSSL 1.1.1q  5 Jul 2022]
2022-08-08 12:57:14.289  INFO 5664 --- [main] o.apache.catalina.core.StandardService   : Starting service [Tomcat]
2022-08-08 12:57:14.289  INFO 5664 --- [main] org.apache.catalina.core.StandardEngine  : Starting Servlet engine: [Apache Tomcat/9.0.65]
2022-08-08 12:57:14.372  INFO 5664 --- [main] o.a.c.c.C.[Tomcat].[localhost].[/]       : Initializing Spring embedded WebApplicationContext
2022-08-08 12:57:14.373  INFO 5664 --- [main] w.s.c.ServletWebServerApplicationContext : Root WebApplicationContext: initialization completed in 748 ms
2022-08-08 12:57:14.631  INFO 5664 --- [main] o.s.b.a.w.s.WelcomePageHandlerMapping    : Adding welcome page template: index
2022-08-08 12:57:14.861  INFO 5664 --- [main] o.s.s.web.DefaultSecurityFilterChain     : Will secure any request with [org.springframework.security.web.session.DisableEncodeUrlFilter@76ad6715, org.springframework.security.web.context.request.async.WebAsyncManagerIntegrationFilter@56637cff, org.springframework.security.web.context.SecurityContextPersistenceFilter@7724704f, org.springframework.security.web.header.HeaderWriterFilter@bc042d5, org.springframework.security.web.csrf.CsrfFilter@4a163575, org.springframework.security.web.authentication.logout.LogoutFilter@762637be, org.springframework.security.web.authentication.UsernamePasswordAuthenticationFilter@53cf9c99, org.springframework.security.web.savedrequest.RequestCacheAwareFilter@4ce94d2f, org.springframework.security.web.servletapi.SecurityContextHolderAwareRequestFilter@517a2b0, org.springframework.security.web.authentication.rememberme.RememberMeAuthenticationFilter@934b52f, org.springframework.security.web.authentication.AnonymousAuthenticationFilter@2938127d, org.springframework.security.web.session.SessionManagementFilter@37df14d1, org.springframework.security.web.access.ExceptionTranslationFilter@6b1dc20f, org.springframework.security.web.access.intercept.FilterSecurityInterceptor@a5272be]
2022-08-08 12:57:14.907  INFO 5664 --- [main] o.s.b.w.embedded.tomcat.TomcatWebServer  : Tomcat started on port(s): 8080 (http) with context path ''
2022-08-08 12:57:14.915  INFO 5664 --- [main] com.example.SpringBootWebApplication     : Started SpringBootWebApplication in 1.632 seconds (JVM running for 2.156)
2022-08-08 12:57:50.821  INFO 12312 --- [main] com.example.SpringBootWebApplication     : Starting SpringBootWebApplication using Java 1.8.0_341 on LAPTOP-0JMA6M60 with PID 12312 (D:\Program\Java\IdeaProject\SpringBootWeb\target\classes started by lu156 in D:\Program\Java\IdeaProject\SpringBootWeb)
2022-08-08 12:57:50.823  INFO 12312 --- [main] com.example.SpringBootWebApplication     : The following 1 profile is active: "dev"
2022-08-08 12:57:51.532  INFO 12312 --- [main] o.s.b.w.embedded.tomcat.TomcatWebServer  : Tomcat initialized with port(s): 8080 (http)
2022-08-08 12:57:51.532  INFO 12312 --- [main] o.a.catalina.core.AprLifecycleListener   : Loaded Apache Tomcat Native library [1.2.35] using APR version [1.7.0].
2022-08-08 12:57:51.533  INFO 12312 --- [main] o.a.catalina.core.AprLifecycleListener   : APR capabilities: IPv6 [true], sendfile [true], accept filters [false], random [true], UDS [true].
2022-08-08 12:57:51.533  INFO 12312 --- [main] o.a.catalina.core.AprLifecycleListener   : APR/OpenSSL configuration: useAprConnector [false], useOpenSSL [true]
2022-08-08 12:57:51.535  INFO 12312 --- [main] o.a.catalina.core.AprLifecycleListener   : OpenSSL successfully initialized [OpenSSL 1.1.1q  5 Jul 2022]
2022-08-08 12:57:51.541  INFO 12312 --- [main] o.apache.catalina.core.StandardService   : Starting service [Tomcat]
2022-08-08 12:57:51.541  INFO 12312 --- [main] org.apache.catalina.core.StandardEngine  : Starting Servlet engine: [Apache Tomcat/9.0.65]
2022-08-08 12:57:51.619  INFO 12312 --- [main] o.a.c.c.C.[Tomcat].[localhost].[/]       : Initializing Spring embedded WebApplicationContext
2022-08-08 12:57:51.620  INFO 12312 --- [main] w.s.c.ServletWebServerApplicationContext : Root WebApplicationContext: initialization completed in 765 ms
2022-08-08 12:57:51.870  INFO 12312 --- [main] o.s.b.a.w.s.WelcomePageHandlerMapping    : Adding welcome page template: index
2022-08-08 12:57:52.080  INFO 12312 --- [main] o.s.s.web.DefaultSecurityFilterChain     : Will secure any request with [org.springframework.security.web.session.DisableEncodeUrlFilter@aaa0f76, org.springframework.security.web.context.request.async.WebAsyncManagerIntegrationFilter@340a8894, org.springframework.security.web.context.SecurityContextPersistenceFilter@1f346ad2, org.springframework.security.web.header.HeaderWriterFilter@2dc3271b, org.springframework.security.web.csrf.CsrfFilter@3aa41da1, org.springframework.security.web.authentication.logout.LogoutFilter@1f9f381d, org.springframework.security.web.authentication.UsernamePasswordAuthenticationFilter@663bb8ef, org.springframework.security.web.savedrequest.RequestCacheAwareFilter@7ab34619, org.springframework.security.web.servletapi.SecurityContextHolderAwareRequestFilter@524270b8, org.springframework.security.web.authentication.rememberme.RememberMeAuthenticationFilter@7e5843db, org.springframework.security.web.authentication.AnonymousAuthenticationFilter@7a8b9166, org.springframework.security.web.session.SessionManagementFilter@3d0035d2, org.springframework.security.web.access.ExceptionTranslationFilter@54e02f6a, org.springframework.security.web.access.intercept.FilterSecurityInterceptor@7b4a0aef]
2022-08-08 12:57:52.126  INFO 12312 --- [main] o.s.b.w.embedded.tomcat.TomcatWebServer  : Tomcat started on port(s): 8080 (http) with context path ''
2022-08-08 12:57:52.134  INFO 12312 --- [main] com.example.SpringBootWebApplication     : Started SpringBootWebApplication in 1.652 seconds (JVM running for 2.215)
2022-08-08 13:04:48.494  INFO 9612 --- [main] com.example.SpringBootWebApplication     : Starting SpringBootWebApplication using Java 1.8.0_341 on LAPTOP-0JMA6M60 with PID 9612 (D:\Program\Java\IdeaProject\SpringBootWeb\target\classes started by lu156 in D:\Program\Java\IdeaProject\SpringBootWeb)
2022-08-08 13:04:48.496  INFO 9612 --- [main] com.example.SpringBootWebApplication     : The following 1 profile is active: "dev"
2022-08-08 13:04:49.160  INFO 9612 --- [main] o.s.b.w.embedded.tomcat.TomcatWebServer  : Tomcat initialized with port(s): 8080 (http)
2022-08-08 13:04:49.161  INFO 9612 --- [main] o.a.catalina.core.AprLifecycleListener   : Loaded Apache Tomcat Native library [1.2.35] using APR version [1.7.0].
2022-08-08 13:04:49.162  INFO 9612 --- [main] o.a.catalina.core.AprLifecycleListener   : APR capabilities: IPv6 [true], sendfile [true], accept filters [false], random [true], UDS [true].
2022-08-08 13:04:49.162  INFO 9612 --- [main] o.a.catalina.core.AprLifecycleListener   : APR/OpenSSL configuration: useAprConnector [false], useOpenSSL [true]
2022-08-08 13:04:49.163  INFO 9612 --- [main] o.a.catalina.core.AprLifecycleListener   : OpenSSL successfully initialized [OpenSSL 1.1.1q  5 Jul 2022]
2022-08-08 13:04:49.169  INFO 9612 --- [main] o.apache.catalina.core.StandardService   : Starting service [Tomcat]
2022-08-08 13:04:49.169  INFO 9612 --- [main] org.apache.catalina.core.StandardEngine  : Starting Servlet engine: [Apache Tomcat/9.0.65]
2022-08-08 13:04:49.249  INFO 9612 --- [main] o.a.c.c.C.[Tomcat].[localhost].[/]       : Initializing Spring embedded WebApplicationContext
2022-08-08 13:04:49.249  INFO 9612 --- [main] w.s.c.ServletWebServerApplicationContext : Root WebApplicationContext: initialization completed in 726 ms
2022-08-08 13:04:49.509  INFO 9612 --- [main] o.s.b.a.w.s.WelcomePageHandlerMapping    : Adding welcome page template: index
2022-08-08 13:04:49.734  INFO 9612 --- [main] o.s.s.web.DefaultSecurityFilterChain     : Will secure any request with [org.springframework.security.web.session.DisableEncodeUrlFilter@5f2bd6d9, org.springframework.security.web.context.request.async.WebAsyncManagerIntegrationFilter@7c847072, org.springframework.security.web.context.SecurityContextPersistenceFilter@68868328, org.springframework.security.web.header.HeaderWriterFilter@2a4f5433, org.springframework.security.web.csrf.CsrfFilter@64d4f7c7, org.springframework.security.web.authentication.logout.LogoutFilter@1e1e9ef3, org.springframework.security.web.authentication.UsernamePasswordAuthenticationFilter@7e446d92, org.springframework.security.web.savedrequest.RequestCacheAwareFilter@1a22e0ef, org.springframework.security.web.servletapi.SecurityContextHolderAwareRequestFilter@34780cd9, org.springframework.security.web.authentication.rememberme.RememberMeAuthenticationFilter@44b29496, org.springframework.security.web.authentication.AnonymousAuthenticationFilter@43d9f1a2, org.springframework.security.web.session.SessionManagementFilter@29149030, org.springframework.security.web.access.ExceptionTranslationFilter@1a1f5f71, org.springframework.security.web.access.intercept.FilterSecurityInterceptor@aaa0f76]
2022-08-08 13:04:49.780  INFO 9612 --- [main] o.s.b.w.embedded.tomcat.TomcatWebServer  : Tomcat started on port(s): 8080 (http) with context path ''
2022-08-08 13:04:49.792  INFO 9612 --- [main] com.example.SpringBootWebApplication     : Started SpringBootWebApplication in 1.642 seconds (JVM running for 2.171)
2022-08-08 20:20:11.406  INFO 3456 --- [main] com.example.SpringBootWebApplication     : Starting SpringBootWebApplication using Java 1.8.0_341 on LAPTOP-0JMA6M60 with PID 3456 (D:\Program\Java\IdeaProject\SpringBootWeb\target\classes started by lu156 in D:\Program\Java\IdeaProject\SpringBootWeb)
2022-08-08 20:20:11.410  INFO 3456 --- [main] com.example.SpringBootWebApplication     : The following 1 profile is active: "dev"
2022-08-08 20:20:13.034  INFO 3456 --- [main] o.s.b.w.embedded.tomcat.TomcatWebServer  : Tomcat initialized with port(s): 8080 (http)
2022-08-08 20:20:13.036  INFO 3456 --- [main] o.a.catalina.core.AprLifecycleListener   : Loaded Apache Tomcat Native library [1.2.35] using APR version [1.7.0].
2022-08-08 20:20:13.037  INFO 3456 --- [main] o.a.catalina.core.AprLifecycleListener   : APR capabilities: IPv6 [true], sendfile [true], accept filters [false], random [true], UDS [true].
2022-08-08 20:20:13.037  INFO 3456 --- [main] o.a.catalina.core.AprLifecycleListener   : APR/OpenSSL configuration: useAprConnector [false], useOpenSSL [true]
2022-08-08 20:20:13.048  INFO 3456 --- [main] o.a.catalina.core.AprLifecycleListener   : OpenSSL successfully initialized [OpenSSL 1.1.1q  5 Jul 2022]
2022-08-08 20:20:13.063  INFO 3456 --- [main] o.apache.catalina.core.StandardService   : Starting service [Tomcat]
2022-08-08 20:20:13.063  INFO 3456 --- [main] org.apache.catalina.core.StandardEngine  : Starting Servlet engine: [Apache Tomcat/9.0.65]
2022-08-08 20:20:13.234  INFO 3456 --- [main] o.a.c.c.C.[Tomcat].[localhost].[/]       : Initializing Spring embedded WebApplicationContext
2022-08-08 20:20:13.234  INFO 3456 --- [main] w.s.c.ServletWebServerApplicationContext : Root WebApplicationContext: initialization completed in 1765 ms
2022-08-08 20:20:13.743  INFO 3456 --- [main] o.s.b.a.w.s.WelcomePageHandlerMapping    : Adding welcome page template: index
2022-08-08 20:20:14.194  INFO 3456 --- [main] o.s.s.web.DefaultSecurityFilterChain     : Will secure any request with [org.springframework.security.web.session.DisableEncodeUrlFilter@5f2bd6d9, org.springframework.security.web.context.request.async.WebAsyncManagerIntegrationFilter@7c847072, org.springframework.security.web.context.SecurityContextPersistenceFilter@68868328, org.springframework.security.web.header.HeaderWriterFilter@2a4f5433, org.springframework.security.web.csrf.CsrfFilter@64d4f7c7, org.springframework.security.web.authentication.logout.LogoutFilter@1e1e9ef3, org.springframework.security.web.authentication.UsernamePasswordAuthenticationFilter@7e446d92, org.springframework.security.web.savedrequest.RequestCacheAwareFilter@1a22e0ef, org.springframework.security.web.servletapi.SecurityContextHolderAwareRequestFilter@34780cd9, org.springframework.security.web.authentication.rememberme.RememberMeAuthenticationFilter@44b29496, org.springframework.security.web.authentication.AnonymousAuthenticationFilter@43d9f1a2, org.springframework.security.web.session.SessionManagementFilter@29149030, org.springframework.security.web.access.ExceptionTranslationFilter@1a1f5f71, org.springframework.security.web.access.intercept.FilterSecurityInterceptor@aaa0f76]
2022-08-08 20:20:14.328  INFO 3456 --- [main] o.s.b.w.embedded.tomcat.TomcatWebServer  : Tomcat started on port(s): 8080 (http) with context path ''
2022-08-08 20:20:14.347  INFO 3456 --- [main] com.example.SpringBootWebApplication     : Started SpringBootWebApplication in 3.702 seconds (JVM running for 4.591)
